c:\users\akhil\documents\galactic-master\galactic-master\rpg galactic\rpg homework2\project1\debug\vc142.pdb
c:\users\akhil\documents\galactic-master\galactic-master\rpg galactic\rpg homework2\project1\debug\vc142.idb
c:\users\akhil\documents\galactic-master\galactic-master\rpg galactic\rpg homework2\project1\debug\pickable.obj
c:\users\akhil\documents\galactic-master\galactic-master\rpg galactic\rpg homework2\project1\debug\map.obj
c:\users\akhil\documents\galactic-master\galactic-master\rpg galactic\rpg homework2\project1\debug\main.obj
c:\users\akhil\documents\galactic-master\galactic-master\rpg galactic\rpg homework2\project1\debug\gui.obj
c:\users\akhil\documents\galactic-master\galactic-master\rpg galactic\rpg homework2\project1\debug\engine.obj
c:\users\akhil\documents\galactic-master\galactic-master\rpg galactic\rpg homework2\project1\debug\destructible.obj
c:\users\akhil\documents\galactic-master\galactic-master\rpg galactic\rpg homework2\project1\debug\container.obj
c:\users\akhil\documents\galactic-master\galactic-master\rpg galactic\rpg homework2\project1\debug\attacker.obj
c:\users\akhil\documents\galactic-master\galactic-master\rpg galactic\rpg homework2\project1\debug\ai.obj
c:\users\akhil\documents\galactic-master\galactic-master\rpg galactic\rpg homework2\project1\debug\actor.obj
c:\users\akhil\documents\galactic-master\galactic-master\rpg galactic\rpg homework2\debug\project1.ilk
c:\users\akhil\documents\galactic-master\galactic-master\rpg galactic\rpg homework2\debug\project1.exe
c:\users\akhil\documents\galactic-master\galactic-master\rpg galactic\rpg homework2\debug\project1.pdb
c:\users\akhil\documents\galactic-master\galactic-master\rpg galactic\rpg homework2\project1\debug\project1.tlog\cl.command.1.tlog
c:\users\akhil\documents\galactic-master\galactic-master\rpg galactic\rpg homework2\project1\debug\project1.tlog\cl.read.1.tlog
c:\users\akhil\documents\galactic-master\galactic-master\rpg galactic\rpg homework2\project1\debug\project1.tlog\cl.write.1.tlog
c:\users\akhil\documents\galactic-master\galactic-master\rpg galactic\rpg homework2\project1\debug\project1.tlog\link.command.1.tlog
c:\users\akhil\documents\galactic-master\galactic-master\rpg galactic\rpg homework2\project1\debug\project1.tlog\link.read.1.tlog
c:\users\akhil\documents\galactic-master\galactic-master\rpg galactic\rpg homework2\project1\debug\project1.tlog\link.write.1.tlog
